Draw/app/build/intermediates/manifest_merge_blame_file/debug/manifest-merger-blame-debug-report.txt
1<?xml version="1.0" encoding="utf-8"?>
2<manifest xmlns:android="http://schemas.android.com/apk/res/android"
3    package="com.example.draw"
4    android:versionCode="1"
5    android:versionName="1.0" >
6
7    <uses-sdk
8        android:minSdkVersion="19"
8-->src\main\AndroidManifest.xml
9        android:targetSdkVersion="29" />
9-->src\main\AndroidManifest.xml
10
11    <application
11-->src\main\AndroidManifest.xml:5:5-30:19
12        android:allowBackup="true"
12-->src\main\AndroidManifest.xml:6:9-35
13        android:appComponentFactory="androidx.core.app.CoreComponentFactory"
13-->[androidx.core:core:1.0.1] AndroidManifest.xml:22:18-86
14        android:debuggable="true"
15        android:icon="@mipmap/ic_launcher"
15-->src\main\AndroidManifest.xml:7:9-43
16        android:label="@string/app_name"
16-->src\main\AndroidManifest.xml:8:9-41
17        android:roundIcon="@mipmap/ic_launcher_round"
17-->src\main\AndroidManifest.xml:9:9-54
18        android:supportsRtl="true"
18-->src\main\AndroidManifest.xml:10:9-35
19        android:theme="@style/AppTheme" >
19-->src\main\AndroidManifest.xml:11:9-40
20        <receiver android:name="com.example.draw.widget" >
20-->src\main\AndroidManifest.xml:12:9-20:20
20-->src\main\AndroidManifest.xml:12:19-41
21            <intent-filter>
21-->src\main\AndroidManifest.xml:13:13-15:29
22                <action android:name="android.appwidget.action.APPWIDGET_UPDATE" />
22-->src\main\AndroidManifest.xml:14:17-84
22-->src\main\AndroidManifest.xml:14:25-81
23            </intent-filter>
24
25            <meta-data
25-->src\main\AndroidManifest.xml:17:13-19:55
26                android:name="android.appwidget.provider"
26-->src\main\AndroidManifest.xml:18:17-58
27                android:resource="@xml/widget_info" />
27-->src\main\AndroidManifest.xml:19:17-52
28        </receiver>
29
30        <activity android:name="com.example.draw.screen2" />
30-->src\main\AndroidManifest.xml:22:9-45
30-->src\main\AndroidManifest.xml:22:19-42
31        <activity android:name="com.example.draw.MainActivity" >
31-->src\main\AndroidManifest.xml:23:9-29:20
31-->src\main\AndroidManifest.xml:23:19-47
32            <intent-filter>
32-->src\main\AndroidManifest.xml:24:13-28:29
33                <action android:name="android.intent.action.MAIN" />
33-->src\main\AndroidManifest.xml:25:17-69
33-->src\main\AndroidManifest.xml:25:25-66
34
35                <category android:name="android.intent.category.LAUNCHER" />
35-->src\main\AndroidManifest.xml:27:17-77
35-->src\main\AndroidManifest.xml:27:27-74
36            </intent-filter>
37        </activity>
38    </application>
39
40</manifest>